──────────────────── analyze alessiopittiglio/mm-argfallacy ────────────────────
repo_path=/home/gsarkar/Repo2ROCm/repos/alessiopittiglio_mm-argfallacy

agent: rocm_portability_analyzer (a8457dcb9)  mode=bypassPermissions ───────────
  T 0  I'll analyze this repository for AMD/ROCm portability. Let me start by examining the README and requirements files.
        → Read({"file_path" "README.md"})
        usage: in= 4300 out=  81 cache_read=    0 hit= 0%
        ✓ Read              ok    5376b  1|# Leveraging Context for Multimodal Fallacy Classification in Political Debates      2|      3|...
        → Read({"file_path" "requirements.txt"})
        usage: in= 5954 out=  55 cache_read=    0 hit= 0%
        ✓ Read              ok    5922b  1|accelerate==1.6.0      2|aiohappyeyeballs==2.6.1      3|aiohttp==3.11.16      4|aiosignal==1.3....
        → Read({"file_path" "pyproject.toml"})
        usage: in= 8672 out=  57 cache_read=    0 hit= 0%
        ✓ Read              ok     416b  1|[build-system\]      2|requires = ["setuptools>=64.0.0", "wheel"\]      3|build-backend = "setupt...
  T 3  Now let me check for any CUDA-specific code or extensions in the source:
        → Glob({"pattern" "**/*.cu"})
        usage: in= 8910 out=  72 cache_read=    0 hit= 0%
        ✓ Glob              ok      12b  (no matches)
        → Glob({"pattern" "**/*.cuh"})
        usage: in= 8996 out=  55 cache_read=    0 hit= 0%
        ✓ Glob              ok      12b  (no matches)
        → Grep({"pattern" "CUDAExtension|cpp_extension|nvcc"})
        usage: in= 9065 out=  63 cache_read=    0 hit= 0%
        ✓ Grep              ok      12b  (no matches)
  T 6  Let me check the main source code structure and look for any CUDA-specific imports or usage:
        → Glob({"pattern" "mm_argfallacy/**/*.py"})
        usage: in= 9142 out=  81 cache_read=    0 hit= 0%
        ✓ Glob              ok     435b  mm_argfallacy/__init__.py mm_argfallacy/collators/__init__.py mm_argfallacy/collators/audio_colla...
        → Grep({"pattern" "flash_attn|flash-attn","glob" "**/*.py"})
        usage: in= 9412 out=  79 cache_read=    0 hit= 0%
        ✓ Grep              ok      12b  (no matches)
        → Grep({"pattern" "torch\\.backends\\.cudnn|\\.cuda\\(\\)|device.*cuda|nccl","glob" "**/*.py"})
        usage: in= 9505 out=  89 cache_read=    0 hit= 0%
        ✓ Grep              ok      12b  (no matches)
  T 9  Let me check if there are any imports of the undeclared dependency `skopt`:
        → Grep({"pattern" "import.*skopt|from.*skopt","glob" "**/*.py"})
        usage: in= 9608 out=  98 cache_read=    0 hit= 0%
        ✓ Grep              ok     132b  /repo/scripts/optimize_weights.py:11:from skopt import gp_minimize /repo/scripts/optimize_weights...
  T10  Let me check the requirements.txt again to see if `skopt` is listed under a different name:
        → Grep({"pattern" "scikit-optimize|skopt","path" "requirements.txt"})
        usage: in= 9759 out= 100 cache_read=    0 hit= 0%
        ✓ Grep              ok      50b  /repo/requirements.txt:114:scikit-optimize==0.10.2
  T11  Good, `skopt` is actually `scikit-optimize` which is properly declared. Let me check the main training and model files to understand the architecture:
        → Read({"file_path" "mm_argfallacy/lightning_module.py","limit" 50})
        usage: in= 9889 out= 115 cache_read=    0 hit= 0%
        ✓ Read              ok    1724b  1|import logging      2|from typing import Optional, List, Dict, Any      3|      4|import torch ...
        → Read({"file_path" "scripts/run_training.py","limit" 50})
        usage: in=10594 out=  76 cache_read=    0 hit= 0%
        ✓ Read              ok    1608b  1|import argparse      2|import logging      3|import math      4|from pathlib import Path      5...
  T13  Let me check if there are any specific CUDA device assignments or problematic patterns:
        → Grep({"pattern" "\\.to\\(.*cuda.*\\)|device.*=.*cuda|torch\\.cuda\\.","glob" "**/*.py"})
        usage: in=11227 out= 107 cache_read=    0 hit= 0%
        ✓ Grep              ok     398b  /repo/scripts/run_evaluate.py:47:        default="cuda" if torch.cuda.is_available() else "cpu", ...
  T14  Let me examine one of these files to see how device handling is done:
        → Read({"file_path" "scripts/run_predict.py","limit" 60})
        usage: in=11474 out=  92 cache_read=    0 hit= 0%
        ✓ Read              ok    2008b  1|import argparse      2|import logging      3|import zipfile      4|from pathlib import Path    ...
  T15  Now let me check if there are any specific torch version pins or CUDA-specific requirements:
        → Grep({"pattern" "torch.*\\+cu|download\\.pytorch\\.org.*cu|pytorch-cuda","path" "requirements.txt"})
        usage: in=12239 out= 107 cache_read=    0 hit= 0%
        ✓ Grep              ok      12b  (no matches)
  T16  Let me check the torch version in requirements:
        → Grep({"pattern" "^torch==|^torchaudio==|^torchvision==\"","path" "requirements.txt"})
        usage: in=12360 out=  97 cache_read=    0 hit= 0%
        ✓ Grep              ok      84b  /repo/requirements.txt:130:torch==2.3.0 /repo/requirements.txt:131:torchaudio==2.3.0
  T17  Let me check if there are any setup.py files that might contain CUDA extensions:
        → Glob({"pattern" "**/setup.py"})
        usage: in=12504 out=  75 cache_read=    0 hit= 0%
        ✓ Glob              ok      12b  (no matches)
  T18  Let me check the model files to see if they use any CUDA-specific operations:
        → Read({"file_path" "mm_argfallacy/models/text_models.py","limit" 50})
        usage: in=12593 out= 102 cache_read=    0 hit= 0%
        ✓ Read              ok    1835b  1|from typing import Dict, Tuple      2|      3|import torch      4|import torch.nn as nn      5|...
  T19  Based on my analysis, I can now provide the verdict. The key findings are: 1. **CUDA-only dependencies**: The requirements.txt contains `flash_attn==2.7.4.post1` (line 30) and multiple `nvidia-*-cu12` packages (lines 68-79) 2. **No custo...
        usage: in=13283 out= 470 cache_read=    0 hit= 0%
VERDICT=REQUIRES_REPO2ROCM :: requirements.txt line 30 contains flash_attn which needs ROCm-specific installation, and lines 68-79 contain nvidia
