─────────────────────── analyze BruceGeLi/TOP_ERL_ICLR25 ───────────────────────
repo_path=/home/gsarkar/Repo2ROCm/repos/BruceGeLi_TOP_ERL_ICLR25

agent: rocm_portability_analyzer (a8c43bc81)  mode=bypassPermissions ───────────
  T 0  I'll analyze the BruceGeLi/TOP_ERL_ICLR25 repository for AMD/ROCm portability. Let me start by examining the repository structure and key files.
        → Read({"file_path" "README.md"})
        usage: in= 3115 out= 100 cache_read=    0 hit= 0%
        ✓ Read              ok    3428b  1|# Academic Project Page Template      2|This is an academic paper project page template.      3...
  T 1  This appears to be just a template for academic project pages, not the actual research code. Let me check the repository structure to see if there's actual source code.
        → Glob({"pattern" "**/*","head_limit" 50})
        usage: in= 4222 out= 106 cache_read=    0 hit= 0%
        ✓ Glob              ok    1397b  .git/HEAD .git/config .git/description .git/hooks/applypatch-msg.sample .git/hooks/commit-msg.sam...
  T 2  Let me check for any Python files or source code:
        → Glob({"pattern" "**/*.py"})
        usage: in= 4891 out=  66 cache_read=    0 hit= 0%
        ✓ Glob              ok      12b  (no matches)
        → Glob({"pattern" "**/*.{txt,yml,yaml,toml,cfg,ini}"})
        usage: in= 4971 out=  66 cache_read=    0 hit= 0%
        ✓ Glob              ok      12b  (no matches)
  T 4  Let me check the index.html file to see if this contains any actual research content or just the template:
        → Read({"file_path" "index.html","limit" 100})
        usage: in= 5051 out=  95 cache_read=    0 hit= 0%
        ✓ Read              ok    5783b  1|<!DOCTYPE html>      2|<html>      3|<head>      4|  <meta charset="utf-8">      5|  <!-- Meta ...
  T 5  Let me continue reading to see if there are any code links or implementation details:
        → Read({"file_path" "index.html","offset" 100,"limit" 100})
        usage: in= 7009 out= 106 cache_read=    0 hit= 0%
        ✓ Read              ok    4931b  101|                    <span>Code</span>    102|                  </a>    103|                </...
  T 6  I notice there's a GitHub link pointing to a different repository. Let me check if there are any other files that might contain implementation details or requirements:
        → Grep({"pattern" "github\\.com","path" "."})
        usage: in= 8585 out= 101 cache_read=    0 hit= 0%
        ✓ Grep              ok     672b  /repo/index.html:96:                    <a href="https://github.com/BruceGeLi/TOP_ERL_ICLR25_Spot...
        → Grep({"pattern" "TOP_ERL_ICLR25_Spotlight","path" "."})
        usage: in= 8942 out=  80 cache_read=    0 hit= 0%
        ✓ Grep              ok     138b  /repo/index.html:96:                    <a href="https://github.com/BruceGeLi/TOP_ERL_ICLR25_Spot...
  T 8  Let me check if there are any other directories or hidden files that might contain source code:
        → Glob({"pattern" "**/src/**/*"})
        usage: in= 9088 out=  75 cache_read=    0 hit= 0%
        ✓ Glob              ok      12b  (no matches)
        → Glob({"pattern" "**/code/**/*"})
        usage: in= 9177 out=  56 cache_read=    0 hit= 0%
        ✓ Glob              ok      12b  (no matches)
        → Glob({"pattern" "**/*.{cu,cuh,cpp,c,h}"})
        usage: in= 9247 out=  64 cache_read=    0 hit= 0%
        ✓ Glob              ok      12b  (no matches)
  T11  Let me check if there are any setup or configuration files:
        → Glob({"pattern" "**/setup.py"})
        usage: in= 9325 out=  69 cache_read=    0 hit= 0%
        ✓ Glob              ok      12b  (no matches)
        → Glob({"pattern" "**/requirements*.txt"})
        usage: in= 9408 out=  56 cache_read=    0 hit= 0%
        ✓ Glob              ok      12b  (no matches)
        → Glob({"pattern" "**/environment*.{yml,yaml}"})
        usage: in= 9478 out=  59 cache_read=    0 hit= 0%
        ✓ Glob              ok      12b  (no matches)
  T14  Let me check the complete file listing to make sure I haven't missed anything:
        → Glob({"pattern" "*"})
        usage: in= 9551 out=  69 cache_read=    0 hit= 0%
        ✓ Glob              ok      30b  .nojekyll README.md index.html
        → Glob({"pattern" "static/**/*"})
        usage: in= 9644 out=  54 cache_read=    0 hit= 0%
        ✓ Glob              ok     808b  static/css/bulma-carousel.min.css static/css/bulma-slider.min.css static/css/bulma.css.map.txt st...
  T16  Based on my analysis, this repository contains only a project webpage template with no actual source code, Python files, or implementation. The repository appears to be just a GitHub Pages website for the paper "TOP-ERL: Transformer-base...
        usage: in=10013 out= 291 cache_read=    0 hit= 0%
VERDICT=OUT_OF_BOX :: Repository contains only HTML/CSS/JS website files with no Python source code, requirements, or dependencies to evaluate for CUDA/ROCm compatibility.
