────────────────────────────── analyze FFY0/AdaKV ──────────────────────────────
repo_path=/home/gsarkar/Repo2ROCm/repos/FFY0_AdaKV

agent: rocm_portability_analyzer (afa7a86fb)  mode=bypassPermissions ───────────
  T 0  I'll analyze the FFY0/AdaKV repository for AMD/ROCm portability. Let me start by examining the key files.
        → Read({"file_path" "README.md"})
        usage: in= 3286 out=  87 cache_read=    0 hit= 0%
        ✓ Read              ok    9231b  1|# AdaKV      2|      3|AdaKV has been accepted at NeurIPS 2025! 🎉      4|      5|<p align="cent...
  T 1  Now let me check the pyproject.toml file to see the dependencies:
        → Read({"file_path" "pyproject.toml"})
        usage: in= 6529 out=  74 cache_read=    0 hit= 0%
        ✓ Read              ok     568b  1|[build-system\]      2|requires = ["setuptools", "wheel", "packaging"\]      3|build-backend = "s...
  T 2  Let me check the Makefile to see what the `make i` command does:
        → Read({"file_path" "Makefile"})
        usage: in= 6852 out=  74 cache_read=    0 hit= 0%
        ✗ Read           error      24b  File not found: Makefile
        → Glob({"pattern" "*akefile*"})
        usage: in= 6953 out=  55 cache_read=    0 hit= 0%
        ✓ Glob              ok       8b  makefile
        → Read({"file_path" "makefile"})
        usage: in= 7022 out=  54 cache_read=    0 hit= 0%
        ✓ Read              ok      66b  1|i install:      2|   cd csrc && make      3| pip install -e .
  T 5  Now let me check the csrc directory to see what CUDA code is being compiled:
        → Read({"file_path" "csrc/makefile"})
        usage: in= 7114 out=  76 cache_read=    0 hit= 0%
        ✓ Read              ok      74b  1|build:      2|       python build.py install      3|      4|.PHONY: build
        → Read({"file_path" "csrc/build.py"})
        usage: in= 7231 out=  58 cache_read=    0 hit= 0%
        ✓ Read              ok    2837b  1|import subprocess      2|import os      3|from packaging.version import parse, Version      4|f...
  T 7  Let me check the actual CUDA source file:
        → Read({"file_path" "csrc/csrc/cuda_api.cu"})
        usage: in= 8245 out=  74 cache_read=    0 hit= 0%
        ✓ Read              ok    3898b  1|#include <ATen/hip/HIPContext.h>      2|#include <c10/hip/HIPGuard.h>      3|#include <hip/hip_...
  T 8  Now let me check the header files to understand the HIP compatibility:
        → Read({"file_path" "csrc/csrc/cuda_api.h"})
        usage: in= 9782 out=  78 cache_read=    0 hit= 0%
        ✗ Read           error      36b  File not found: csrc/csrc/cuda_api.h
        → Glob({"pattern" "csrc/**/*.h"})
        usage: in= 9895 out=  56 cache_read=    0 hit= 0%
        ✓ Glob              ok      49b  csrc/csrc/static_switch.h csrc/include/cuda_api.h
        → Read({"file_path" "csrc/include/cuda_api.h"})
        usage: in= 9985 out=  62 cache_read=    0 hit= 0%
        ✓ Read              ok    1536b  1|#pragma once      2|      3|#include <torch/python.h>      4|      5|#define DEBUG 1      6|   ...
        → Read({"file_path" "csrc/csrc/static_switch.h"})
        usage: in=10519 out=  63 cache_read=    0 hit= 0%
        ✓ Read              ok     528b  1|#pragma once      2|      3|#define FP16_SWITCH(COND, ...)               \      4|  [&\] {      ...
  T12  Now let me check for flash_attn usage in the code:
        → Grep({"pattern" "flash_attn","glob" "*.py"})
        usage: in=10755 out=  88 cache_read=    0 hit= 0%
        ✓ Grep              ok    6189b  /repo/adaptive_snapkv/monkeypatch/slm_llama_hijack.py:144:def slm_llama_flash_attn2_forward( /rep...
  T13  Now let me check the specific CUDNN usage mentioned in the scan:
        → Read({"file_path" "experiments/LongBench/pred.py","offset" 150,"limit" 10})
        usage: in=13276 out= 112 cache_read=    0 hit= 0%
        ✓ Read              ok     495b  151|    if not torch.version.hip:    152|        torch.backends.cudnn.benchmark = False    153|  ...
  T14  Let me check if there are any other undeclared imports that might be CUDA-specific:
        → Grep({"pattern" "import.*tiny_api_cuda"})
        usage: in=13545 out=  79 cache_read=    0 hit= 0%
        ✓ Grep              ok      12b  (no matches)
        → Grep({"pattern" "tiny_api_cuda"})
        usage: in=13638 out=  56 cache_read=    0 hit= 0%
        ✓ Grep              ok    5635b  /repo/csrc/build.py:31:        name="tiny_api_cuda", /repo/csrc/tiny_api_cuda.cpython-312-x86_64-...
  T16  Now let me check how tiny_api_cuda is used:
        → Read({"file_path" "adaptive_snapkv/monkeypatch/snapkv_utils.py","offset" 50,"limit" 10})
        usage: in=15678 out= 118 cache_read=    0 hit= 0%
        ✓ Read              ok     609b  51|            cu_klen = cache_kwargs["cu_klen"\]     52|     53|            # TODO: wrap as a pyt...
  T17  Based on my analysis, I can now provide the verdict: VERDICT: REQUIRES_REPO2ROCM CONFIDENCE: high BLOCKERS: flash_attn dependency, custom CUDA extension compilation REQUIRED_CHANGES: Install flash-attn for ROCm, compile custom HIP kernel...
        usage: in=16014 out= 166 cache_read=    0 hit= 0%
VERDICT=REQUIRES_REPO2ROCM :: The repo requires flash-attn==2.4.0 (README line 44) which needs ROCm-specific installation, and includes custom CUDA extensions in csrc/csrc/cuda_api.cu that must be compiled with CUDAExtension/hipcc. The CUDA code is already HIP-compatible (uses HIP headers) but requires proper ROCm build environment.
