───────────────────────────── analyze FYYFU/HeadKV ─────────────────────────────
repo_path=/home/gsarkar/Repo2ROCm/repos/FYYFU_HeadKV

agent: rocm_portability_analyzer (ab5b014e4)  mode=bypassPermissions ───────────
  T 0  I'll analyze the HeadKV repository for AMD/ROCm portability. Let me start by examining the README and configuration files.
        → Read({"file_path" "README.md"})
        usage: in= 3360 out=  85 cache_read=    0 hit= 0%
        ✓ Read              ok    6481b  1|# HeadKV      2|      3|Code and data for paper: Not All Heads Matter: A Head-Level KV Cache Co...
  T 1  Now let me check the setup.py file to understand the dependencies:
        → Read({"file_path" "setup.py"})
        usage: in= 5857 out=  70 cache_read=    0 hit= 0%
        ✓ Read              ok     233b  1|from setuptools import setup, find_packages      2|NAME = 'adakv'      3|setup(      4|    name...
  T 2  The setup.py doesn't specify dependencies. Let me check for other configuration files:
        → Glob({"pattern" "requirements*.txt"})
        usage: in= 6024 out=  72 cache_read=    0 hit= 0%
        ✓ Glob              ok      12b  (no matches)
        → Glob({"pattern" "pyproject.toml"})
        usage: in= 6110 out=  56 cache_read=    0 hit= 0%
        ✓ Glob              ok      12b  (no matches)
        → Glob({"pattern" "environment.yml"})
        usage: in= 6180 out=  54 cache_read=    0 hit= 0%
        ✓ Glob              ok      12b  (no matches)
  T 5  Let me check for any CUDA-specific files and examine the main source code:
        → Glob({"pattern" "**/*.cu"})
        usage: in= 6248 out=  72 cache_read=    0 hit= 0%
        ✓ Glob              ok      21b  csrc/csrc/cuda_api.cu
        → Glob({"pattern" "**/*.cuh"})
        usage: in= 6343 out=  55 cache_read=    0 hit= 0%
        ✓ Glob              ok      12b  (no matches)
  T 7  Found a CUDA file! Let me examine it:
        → Read({"file_path" "csrc/csrc/cuda_api.cu"})
        usage: in= 6412 out=  75 cache_read=    0 hit= 0%
        ✓ Read              ok    3976b  1|#ifdef USE_ROCM      2|#include <ATen/hip/HIPContext.h>      3|#include <c10/hip/HIPGuard.h>   ...
  T 8  This is interesting - the CUDA file already has ROCm compatibility with `#ifdef USE_ROCM` guards! Let me check for the header file and build setup:
        → Read({"file_path" "csrc/csrc/cuda_api.h"})
        usage: in= 8000 out= 101 cache_read=    0 hit= 0%
        ✗ Read           error      36b  File not found: csrc/csrc/cuda_api.h
        → Glob({"pattern" "csrc/**/*.h"})
        usage: in= 8136 out=  56 cache_read=    0 hit= 0%
        ✓ Glob              ok      49b  csrc/csrc/static_switch.h csrc/include/cuda_api.h
        → Read({"file_path" "csrc/include/cuda_api.h"})
        usage: in= 8226 out=  62 cache_read=    0 hit= 0%
        ✓ Read              ok    2360b  1|#pragma once      2|      3|#include <torch/python.h>      4|      5|#define DEBUG 1      6|   ...
  T11  Let me check for the build setup:
        → Glob({"pattern" "csrc/**/setup.py"})
        usage: in= 8948 out=  67 cache_read=    0 hit= 0%
        ✓ Glob              ok      13b  csrc/setup.py
        → Read({"file_path" "csrc/setup.py"})
        usage: in= 9033 out=  58 cache_read=    0 hit= 0%
        ✓ Read              ok    2730b  1|import subprocess      2|import os      3|from packaging.version import parse, Version      4|f...
  T13  Excellent! The CUDA extension is already configured for ROCm with proper flags. Now let me check the main source code for flash_attn usage and other potential blockers:
        → Grep({"pattern" "flash_attn","glob" "*.py"})
        usage: in=10043 out= 112 cache_read=    0 hit= 0%
        ✓ Grep              ok   10464b  /repo/Important_Head/source/modeling_mixtral.py:50:    is_flash_attn_2_available, /repo/Important...
  T14  Now let me check the specific CUDNN issues mentioned in the scan:
        → Read({"file_path" "run_babilong.py","limit" 60})
        usage: in=14011 out=  92 cache_read=    0 hit= 0%
        ✓ Read              ok    1460b  1|import os      2|import torch      3|from transformers import AutoTokenizer, AutoModelForCausal...
        → Read({"file_path" "run_longbench.py","limit" 110})
        usage: in=14661 out=  76 cache_read=    0 hit= 0%
        ✓ Read              ok    7854b  1|import os      2|import json      3|import random      4|import argparse      5|      6|import ...
  T16  Perfect! I can see that the code already has proper ROCm guards for the CUDNN issues. Let me check if there are any other potential blockers by examining the main headkv module:
        → Read({"file_path" "headkv/__init__.py"})
        usage: in=17441 out= 102 cache_read=    0 hit= 0%
        ✗ Read           error      34b  File not found: headkv/__init__.py
        → Glob({"pattern" "headkv/*.py"})
        usage: in=17574 out=  56 cache_read=    0 hit= 0%
        ✓ Glob              ok     170b  headkv/adaptive_llama_hijack.py headkv/adaptive_mistral_hijack.py headkv/fixed_llama_hijack.py he...
  T18  Let me check if there are any other CUDA-specific dependencies or issues:
        → Grep({"pattern" "CUDAExtension|cpp_extension|nvcc"})
        usage: in=17720 out=  80 cache_read=    0 hit= 0%
        ✓ Grep              ok     403b  /repo/csrc/setup.py:6:from torch.utils.cpp_extension import ( /repo/csrc/setup.py:25:    raw_outp...
  T19  Let me check for any torch version pinning or CUDA-specific requirements:
        → Grep({"pattern" "\\+cu1|download\\.pytorch\\.org.*cu1|torch==.*\\+cu"})
        usage: in=17983 out=  88 cache_read=    0 hit= 0%
        ✓ Grep              ok      12b  (no matches)
  T20  Let me check the main entry script to understand how the code is used:
        → Read({"file_path" "eval.py","limit" 50})
        usage: in=18085 out=  88 cache_read=    0 hit= 0%
        ✓ Read              ok    2016b  1|import os      2|import json      3|import argparse      4|import numpy as np      5|      6|fr...
  T21  Now let me check if there are any imports of the custom CUDA extension:
        → Grep({"pattern" "tiny_api_cuda"})
        usage: in=18922 out=  73 cache_read=    0 hit= 0%
        ✓ Grep              ok    9374b  /repo/csrc/setup.py:39:        name="tiny_api_cuda", /repo/csrc/tiny_api_cuda.cpython-312-x86_64-...
  T22  Now I found where the custom CUDA extension is used! Let me check that file:
        → Read({"file_path" "headkv/snapkv_utils.py","limit" 60})
        usage: in=23067 out=  99 cache_read=    0 hit= 0%
        ✓ Read              ok    2659b  1|import warnings      2|import os      3|      4|import torch      5|import time      6|import n...
  T23  Perfect! Now I have a complete picture. Let me also check if there are any other potential issues by looking at the imports that were flagged as undeclared:
        → Grep({"pattern" "import nvtx"})
        usage: in=24083 out=  90 cache_read=    0 hit= 0%
        ✓ Grep              ok      55b  /repo/headkv/snapkv_utils.py:47:            import nvtx
  T24  Based on my analysis, here's what I found: ## Summary of Analysis 1. **Custom CUDA Extension**: The repo contains a custom CUDA extension (`csrc/csrc/cuda_api.cu`) that is **already ROCm-compatible** with proper `#ifdef USE_ROCM` guards ...
        usage: in=24206 out= 418 cache_read=    0 hit= 0%
VERDICT=REQUIRES_REPO2ROCM :: The repo uses flash_attn extensively in headkv/adaptive_
