────────────────────────── analyze GuanchengWan/EARTH ──────────────────────────
repo_path=/home/gsarkar/Repo2ROCm/repos/GuanchengWan_EARTH

agent: rocm_portability_analyzer (a1b7a03ab)  mode=bypassPermissions ───────────
  T 0  I'll analyze the GuanchengWan/EARTH repository for AMD/ROCm portability. Let me start by examining the key files.
        → Read({"file_path" "README.md"})
        usage: in= 3356 out=  87 cache_read=    0 hit= 0%
        ✓ Read              ok    2096b  1|# Epidemiology-Aware Neural ODE with Continuous Disease Transmission Graph      2|      3|>Guan...
        → Read({"file_path" "requirements.txt"})
        usage: in= 3957 out=  55 cache_read=    0 hit= 0%
        ✓ Read              ok     234b  1|torch>=2.0.0      2|numpy>=1.20.0      3|scipy>=1.7.0      4|scikit-learn>=1.0.0      5|torch-g...
  T 2  Now let me check for any CUDA-specific files or extensions:
        → Glob({"pattern" "**/*.cu"})
        usage: in= 4133 out=  69 cache_read=    0 hit= 0%
        ✓ Glob              ok      12b  (no matches)
        → Glob({"pattern" "**/*.cuh"})
        usage: in= 4216 out=  55 cache_read=    0 hit= 0%
        ✓ Glob              ok      12b  (no matches)
        → Grep({"pattern" "CUDAExtension|cpp_extension|nvcc"})
        usage: in= 4285 out=  63 cache_read=    0 hit= 0%
        ✓ Grep              ok      12b  (no matches)
  T 5  Let me check for setup.py or pyproject.toml files:
        → Glob({"pattern" "setup.py"})
        usage: in= 4362 out=  70 cache_read=    0 hit= 0%
        ✓ Glob              ok      12b  (no matches)
        → Glob({"pattern" "pyproject.toml"})
        usage: in= 4446 out=  56 cache_read=    0 hit= 0%
        ✓ Glob              ok      12b  (no matches)
  T 7  Now let me examine the main source code to understand the structure and check for CUDA-specific dependencies:
        → Glob({"pattern" "**/*.py","head_limit" 20})
        usage: in= 4516 out=  95 cache_read=    0 hit= 0%
        ✓ Glob              ok     294b  src/GCDE.py src/__init__.py src/controldiffeq/__init__.py src/controldiffeq/cdeint_module.py src/...
  T 8  Let me check the main model files for any CUDA-specific code or problematic dependencies:
        → Read({"file_path" "src/models.py"})
        usage: in= 4757 out=  77 cache_read=    0 hit= 0%
        ✓ Read              ok   53578b  1|# -*- coding: utf-8 -*-      2|from __future__ import absolute_import      3|from __future__ im...
  T 9  Now let me check for the problematic imports mentioned in the scan:
        → Grep({"pattern" "from vmamba|import vmamba"})
        usage: in=24934 out=  73 cache_read=    0 hit= 0%
        ✓ Grep              ok      86b  /repo/src/models.py:17:from vmamba import CrossMambaFusionBlock,ConcatMambaFusionBlock
        → Grep({"pattern" "mamba-ssm|mamba_ssm"})
        usage: in=25052 out=  62 cache_read=    0 hit= 0%
        ✓ Grep              ok     136b  /repo/requirements.txt:6:mamba-ssm /repo/src/models.py:18:from mamba_ssm import Mamba /repo/src/l...
  T11  Let me check if there are any CUDA-specific hardcoded calls:
        → Grep({"pattern" "\\.cuda\\(\\)|\\.to\\('cuda'\\)|device='cuda'"})
        usage: in=25183 out=  84 cache_read=    0 hit= 0%
        ✓ Grep              ok    2136b  /repo/src/models.py:109:        self.edge_index = edge_index.cuda() /repo/src/models.py:110:     ...
  T12  Let me check if there's a vmamba module in the repo:
        → Glob({"pattern" "**/vmamba*"})
        usage: in=26087 out=  71 cache_read=    0 hit= 0%
        ✓ Glob              ok      12b  (no matches)
        → Grep({"pattern" "torchdiffeq"})
        usage: in=26172 out=  57 cache_read=    0 hit= 0%
        ✓ Grep              ok    1255b  /repo/src/controldiffeq/cdeint_module.py:2:import torchdiffeq /repo/src/controldiffeq/cdeint_modu...
  T14  Let me check the layers.py file to understand the mamba usage:
        → Read({"file_path" "src/layers.py","limit" 50})
        usage: in=26700 out=  90 cache_read=    0 hit= 0%
        ✓ Read              ok    1799b  1|# -*- coding: utf-8 -*-      2|      3|from __future__ import absolute_import      4|from __fut...
  T15  Now let me check if there are any setup.py or build files that might indicate custom CUDA extensions:
        → Grep({"pattern" "setup\\.py|build_ext|CUDAExtension|cpp_extension"})
        usage: in=27379 out=  91 cache_read=    0 hit= 0%
        ✓ Grep              ok      12b  (no matches)
  T16  Let me check for any torch version pinning or CUDA-specific requirements:
        → Grep({"pattern" "\\+cu|download\\.pytorch\\.org|pytorch-cuda"})
        usage: in=27484 out=  81 cache_read=    0 hit= 0%
        ✓ Grep              ok      12b  (no matches)
  T17  Let me check if there are any missing modules that are imported:
        → Glob({"pattern" "**/vmamba.py"})
        usage: in=27579 out=  71 cache_read=    0 hit= 0%
        ✓ Glob              ok      12b  (no matches)
        → Read({"file_path" "src/vector_fields.py","limit" 30})
        usage: in=27664 out=  76 cache_read=    0 hit= 0%
        ✓ Read              ok    1500b  1|import torch      2|import torch.nn as nn      3|import torch.nn.functional as F      4|       ...
  T19  Based on my analysis, I can now provide the verdict. Let me summarize the key findings: 1. **CUDA-only dependency**: The repo requires `mamba-ssm` which is a CUDA-only package that doesn't have a direct ROCm equivalent 2. **Missing modul...
        usage: in=28237 out= 368 cache_read=    0 hit= 0%
VERDICT=REQUIRES_REPO2ROCM :: The repo imports mamba-ssm (CUDA-only) and a missing vmamba module in src/models.py:17-18, plus uses undeclared torchdiffeq dependency in src/controldiffeq/cdeint_module.py.
