──────────────────────── analyze xihongyang1999/AIRMVC ─────────────────────────
repo_path=/home/gsarkar/Repo2ROCm/repos/xihongyang1999_AIRMVC

agent: rocm_portability_analyzer (aab08e492)  mode=bypassPermissions ───────────
  T 0  I'll analyze the AIRMVC repository for AMD/ROCm portability. Let me start by examining the repository structure and key files.
        → Read({"file_path" "README.md"})
        usage: in= 3103 out=  86 cache_read=    0 hit= 0%
        ✓ Read              ok     173b  1|# AIRMVC      2|[ICML 2025\] An official source code for paper "Automatically Identify and Recti...
        → Glob({"pattern" "*requirements*.txt"})
        usage: in= 3256 out=  55 cache_read=    0 hit= 0%
        ✓ Glob              ok      12b  (no matches)
        → Glob({"pattern" "setup.py"})
        usage: in= 3325 out=  54 cache_read=    0 hit= 0%
        ✓ Glob              ok      12b  (no matches)
        → Glob({"pattern" "pyproject.toml"})
        usage: in= 3393 out=  56 cache_read=    0 hit= 0%
        ✓ Glob              ok      12b  (no matches)
        → Glob({"pattern" "environment.yml"})
        usage: in= 3463 out=  54 cache_read=    0 hit= 0%
        ✓ Glob              ok      12b  (no matches)
        → Glob({"pattern" "*.py"})
        usage: in= 3531 out=  53 cache_read=    0 hit= 0%
        ✓ Glob              ok      12b  (no matches)
        → Glob({"pattern" "**/*.py"})
        usage: in= 3598 out=  54 cache_read=    0 hit= 0%
        ✓ Glob              ok      12b  (no matches)
        → Glob({"pattern" "*"})
        usage: in= 3666 out=  52 cache_read=    0 hit= 0%
        ✓ Glob              ok       9b  README.md
        → Glob({"pattern" "**/*"})
        usage: in= 3733 out=  53 cache_read=    0 hit= 0%
        ✓ Glob              ok     767b  .git/HEAD .git/config .git/description .git/hooks/applypatch-msg.sample .git/hooks/commit-msg.sam...
  T 9  Let me check if there are any source files in subdirectories or if this is just an empty repository:
        → Glob({"pattern" "**/*.{py,cu,cuh,cpp,c,h}"})
        usage: in= 4114 out=  89 cache_read=    0 hit= 0%
        ✓ Glob              ok      12b  (no matches)
        → Read({"file_path" "README.md","limit" 50})
        usage: in= 4217 out=  72 cache_read=    0 hit= 0%
        ✓ Read              ok     173b  1|# AIRMVC      2|[ICML 2025\] An official source code for paper "Automatically Identify and Recti...
  T11  Let me check if there are any configuration files or documentation that might indicate the repository structure:
        → Glob({"pattern" "**/*.{txt,md,yml,yaml,json,toml,cfg,ini}"})
        usage: in= 4356 out=  89 cache_read=    0 hit= 0%
        ✓ Glob              ok      12b  (no matches)
        → Glob({"pattern" "**/*.*"})
        usage: in= 4459 out=  54 cache_read=    0 hit= 0%
        ✓ Glob              ok     555b  .git/hooks/applypatch-msg.sample .git/hooks/commit-msg.sample .git/hooks/fsmonitor-watchman.sampl...
  T13  Let me check if there are any hidden files or directories that might contain the actual source code:
        → Glob({"pattern" ".*"})
        usage: in= 4754 out=  72 cache_read=    0 hit= 0%
        ✓ Glob              ok      12b  (no matches)
        → Glob({"pattern" "**/.*"})
        usage: in= 4840 out=  54 cache_read=    0 hit= 0%
        ✓ Glob              ok      12b  (no matches)
  T15  Let me check the git configuration to see if this might be pointing to a different branch or if the code is expected to be added later:
        → Read({"file_path" ".git/config"})
        usage: in= 4908 out=  85 cache_read=    0 hit= 0%
        ✓ Read              ok     347b  1|[core\]      2|      repositoryformatversion = 0      3|     filemode = true      4| bare = false      5|...
  T16  Based on my analysis, this repository contains only a README.md file with a brief description stating it's the "official source code" for an ICML 2025 paper, but there is no actual source code present in the repository. The repository ap...
        usage: in= 5140 out= 176 cache_read=    0 hit= 0%
VERDICT=REQUIRES_REPO2ROCM :: The repository contains only a README.md file claiming to be "official source code" but ships no actual Python files, requirements, or runnable code - this is a fundamental blocker as there is nothing to port or run.
