──────────────────── baseline facebookresearch/luckmatters ─────────────────────
repo_path=/home/gsarkar/Repo2ROCm/repos/facebookresearch_luckmatters
sandbox up: r2r2-23c5deeb

agent: baseline_tester (a1e7bf64a)  mode=bypassPermissions ─────────────────────
  T 0  I'll test the `facebookresearch/luckmatters` repository on AMD ROCm GPUs by following its README instructions. Let me start by examining the README file.
        → DockerExec({"command" "cat /repo/README*"})
        usage: in= 1784 out=  98 cache_read=    0 hit= 0%
        ✓ DockerExec        ok    2086b  $ cat /repo/README* [exit 0 in 0.04s\] This repo contains the code of the following 9 papers:  ## ...
  T 1  Now let me check if there are any specific installation or setup instructions in the repository structure:
        → DockerExec({"command" "find /repo -name \"*.md\" -o -name \"requirements*.txt\" -o -name \"setup.py\" -o -name \"pyproject.toml\" | head -20"})
        usage: in= 2622 out= 114 cache_read=    0 hit= 0%
        ✓ DockerExec        ok     317b  $ find /repo -name "*.md" -o -name "requirements*.txt" -o -name "setup.py" -o -name "pyproject.to...
  T 2  Let me check the main README.md file to see if there are any general setup instructions:
        → DockerExec({"command" "cat /repo/README.md"})
        usage: in= 2881 out=  80 cache_read=    0 hit= 0%
        ✓ DockerExec        ok    2088b  $ cat /repo/README.md [exit 0 in 0.07s\] This repo contains the code of the following 9 papers:  #...
  T 3  The main README doesn't provide installation instructions. Since this is a multi-paper repository, let me check the individual subdirectories for specific READMEs. Let me start with the `luckmatter` directory since it's mentioned in the ...
        → DockerExec({"command" "cat /repo/luckmatter/README.md"})
        usage: in= 3702 out= 119 cache_read=    0 hit= 0%
        ✓ DockerExec        ok    2320b  $ cat /repo/luckmatter/README.md [exit 0 in 0.05s\] # LuckMatters    Code of DL theory for multila...
  T 4  Great! I found the specific instructions for the `luckmatter` component. Let me check if there are any requirements files in this directory:
        → DockerExec({"command" "ls -la /repo/luckmatter/"})
        usage: in= 4800 out=  93 cache_read=    0 hit= 0%
        ✓ DockerExec        ok     682b  $ ls -la /repo/luckmatter/ [exit 0 in 0.08s\] total 92 drwxrwxr-x 2 13908 13908  4096 Jun 12 01:00...
  T 5  No requirements file in the luckmatter directory. Let me check if there are any requirements files in the root or other directories:
        → DockerExec({"command" "find /repo -name \"requirements*.txt\" -o -name \"environment*.yml\" -o -name \"setup.py\" -o -name \"pyproject.toml\""})
        usage: in= 5312 out= 119 cache_read=    0 hit= 0%
        ✓ DockerExec        ok     131b  $ find /repo -name "requirements*.txt" -o -name "environment*.yml" -o -name "setup.py" -o -name "...
  T 6  No requirements files found. The README mentions using PyTorch, so let me check if PyTorch is available and working with ROCm:
        → DockerExec({"command" "python -c \"import torch; print(f'PyTorch version: {torch.__version__}'); print(f'CUDA available: {torch.cuda.is_available()}...)
        usage: in= 5497 out= 143 cache_read=    0 hit= 0%
        ✓ DockerExec        ok     284b  $ python -c "import torch; print(f'PyTorch version: {torch.__version__}'); print(f'CUDA available...
  T 7  Perfect! PyTorch with ROCm is working and detects GPUs. Now let me try running the first example command from the README:
        → DockerExec({"command" "cd /repo/luckmatter && python recon_multilayer.py --data_std 10.0 --node_multi 10 --lr 0.05 --dataset gaussian --d_output 100...)
        usage: in= 5765 out= 156 cache_read=    0 hit= 0%
