─────────────────────── baseline qiuzh20/gated_attention ───────────────────────
repo_path=/home/gsarkar/Repo2ROCm/repos/qiuzh20_gated_attention
sandbox up: r2r2-4a5df177

agent: baseline_tester (a5c5f3f49)  mode=bypassPermissions ─────────────────────
  T 0  I'll test the `qiuzh20/gated_attention` repository on AMD ROCm GPUs by following its README instructions. Let me start by examining the README file.
        → DockerExec({"command" "cat /repo/README*"})
        usage: in= 1785 out=  99 cache_read=    0 hit= 0%
        ✓ DockerExec        ok    7394b  $ cat /repo/README* [exit 0 in 0.09s\] # Gated Attention: Implementation and Visualization  This r...
  T 1  Now let me check the repository structure to understand what files are available:
        → DockerExec({"command" "ls -la /repo"})
        usage: in= 3911 out=  73 cache_read=    0 hit= 0%
        ✓ DockerExec        ok     795b  $ ls -la /repo [exit 0 in 0.10s\] total 324 drwxrwxr-x 4 13908 13908  4096 Jun 12 01:00 . drwxr-xr...
  T 2  Perfect! I can see the repository structure. According to the README, I need to: 1. Install the requirements: `transformers matplotlib numpy torch` 2. Run the demo: `python demo.py` Let me first check if the required packages are already...
        → DockerExec({"command" "pip install transformers matplotlib numpy"})
        usage: in= 4444 out= 139 cache_read=    0 hit= 0%
        ✓ DockerExec        ok    7169b  $ pip install transformers matplotlib numpy [exit 0 in 6.23s\] Collecting transformers   Downloadi...
  T 3  Good! The dependencies are installed. Now let me check if PyTorch with CUDA/ROCm is available and working:
        → DockerExec({"command" "python -c \"import torch; print(f'PyTorch version: {torch.__version__}'); print(f'CUDA available: {torch.cuda.is_available()}...)
        usage: in= 8027 out= 172 cache_read=    0 hit= 0%
        ✓ DockerExec        ok     401b  $ python -c "import torch; print(f'PyTorch version: {torch.__version__}'); print(f'CUDA available...
  T 4  Perfect! PyTorch with ROCm is working and CUDA is available (which is actually ROCm in this context). Now let me examine the demo.py file to understand what it does:
        → DockerExec({"command" "cat /repo/demo.py"})
        usage: in= 8362 out= 103 cache_read=    0 hit= 0%
        ✓ DockerExec        ok    2757b  $ cat /repo/demo.py [exit 0 in 0.08s\] import torch from transformers import AutoTokenizer, AutoMo...
  T 5  I can see that the demo script tries to load models from local directories like `./1B_baseline`, `./1B_gate_elementwise`, and `./1B_gate_headwise`. However, according to the README, the models are available at a HuggingFace repository. L...
        → DockerExec({"command" "ls -la /repo/1B_*"})
        usage: in= 9356 out= 137 cache_read=    0 hit= 0%
        ✗ DockerExec     error     112b  $ ls -la /repo/1B_* [exit 2 in 0.09s\]  --- stderr --- ls: cannot access '/repo/1B_*': No such fil...
