────────────────────────── baseline ryienh/jl-metric ───────────────────────────
repo_path=/home/gsarkar/Repo2ROCm/repos/ryienh_jl-metric
sandbox up: r2r2-ca0ba557

agent: baseline_tester (a8ee7ee5b)  mode=bypassPermissions ─────────────────────
  T 0  I'll test whether `ryienh/jl-metric` runs out of the box on AMD ROCm GPUs by following its README. Let me start by examining the README file.
        → DockerExec({"command" "cat /repo/README*"})
        usage: in= 1783 out= 100 cache_read=    0 hit= 0%
        ✓ DockerExec        ok    2721b  $ cat /repo/README* [exit 0 in 0.07s\] # Quality Measures for Dynamic Graph Generative Models  Thi...
  T 1  Now let me check if there are any additional README files in the experiments directory:
        → DockerExec({"command" "find /repo -name \"README*\" -type f"})
        usage: in= 2619 out=  82 cache_read=    0 hit= 0%
        ✓ DockerExec        ok     125b  $ find /repo -name "README*" -type f [exit 0 in 0.09s\] /repo/README.md /repo/jl-metric/README.md ...
  T 2  Let me check the experiments README for more detailed instructions:
        → DockerExec({"command" "cat /repo/experiments/README.md"})
        usage: in= 2768 out=  74 cache_read=    0 hit= 0%
        ✓ DockerExec        ok    7248b  $ cat /repo/experiments/README.md [exit 0 in 0.07s\] # Quality Measures for Continuous-Time Dynami...
  T 3  Now let me check the jl-metric README as well:
        → DockerExec({"command" "cat /repo/jl-metric/README.md"})
        usage: in= 4701 out=  79 cache_read=    0 hit= 0%
        ✓ DockerExec        ok    2449b  $ cat /repo/jl-metric/README.md [exit 0 in 0.07s\] # Quality Measures for Dynamic Graph Generative...
  T 4  Based on the README, I can see that the quickest way to test this is to install the `jl-metric` package and run the basic usage example. Let me first check if PyTorch is available and working with ROCm:
        → DockerExec({"command" "python -c \"import torch; print(f'PyTorch version: {torch.__version__}'); print(f'CUDA available: {torch.cuda.is_available()}...)
        usage: in= 5470 out= 164 cache_read=    0 hit= 0%
        ✓ DockerExec        ok     284b  $ python -c "import torch; print(f'PyTorch version: {torch.__version__}'); print(f'CUDA available...
  T 5  Great! PyTorch with ROCm is working. Now let me install the jl-metric package as instructed in the README:
        → DockerExec({"command" "pip install jl-metric"})
        usage: in= 5759 out=  89 cache_read=    0 hit= 0%
        ✓ DockerExec        ok    6918b  $ pip install jl-metric [exit 0 in 3.22s\] Collecting jl-metric   Downloading jl_metric-0.1.1-py3-...
  T 6  Great! The package installed successfully. Now I need to create a simple test script based on the README's basic usage example. I'll need to create some sample TemporalData objects to test the functionality:
        → DockerExec({"command" "cat > /tmp/test_jl_metric.py << 'EOF'\nimport torch\nfrom torch_geometric.data import TemporalData\nfrom jl_metric import JLE...)
        usage: in= 9231 out= 646 cache_read=    0 hit= 0%
        ✓ DockerExec        ok    1618b  $ cat > /tmp/test_jl_metric.py << 'EOF' import torch from torch_geometric.data import TemporalDat...
  T 7  Now let me run the test script to see if the JL-Metric works on AMD ROCm:
        → DockerExec({"command" "python /tmp/test_jl_metric.py","timeout_s" 600})
        usage: in=10453 out= 108 cache_read=    0 hit= 0%
        ✓ DockerExec        ok     429b  $ python /tmp/test_jl_metric.py [exit 0 in 2.44s\] PyTorch version: 2.10.0+rocm7.2.4.git3d3aa833 C...
  T 8  Excellent! The basic usage example from the README works perfectly on AMD ROCm. Let me also test the advanced configuration example to make sure that works too:
        → DockerExec({"command" "cat > /tmp/test_jl_metric_advanced.py << 'EOF'\nimport torch\nfrom torch_geometric.data import TemporalData\nfrom jl_metric i...)
        usage: in=10744 out= 548 cache_read=    0 hit= 0%
        ✓ DockerExec        ok    1270b  $ cat > /tmp/test_jl_metric_advanced.py << 'EOF' import torch from torch_geometric.data import Te...
        → DockerExec({"command" "python /tmp/test_jl_metric_advanced.py","timeout_s" 600})
        usage: in=11780 out=  86 cache_read=    0 hit= 0%
        ✓ DockerExec        ok     312b  $ python /tmp/test_jl_metric_advanced.py [exit 0 in 2.38s\] PyTorch version: 2.10.0+rocm7.2.4.git3...
  T10  Perfect! Both the basic usage and advanced configuration examples from the README work flawlessly on AMD ROCm. The JL-Metric package successfully: 1. Installed without any issues 2. Imported correctly 3. Created JLEvaluator instances wit...
        usage: in=11984 out= 351 cache_read=    0 hit= 0%
VERDICT=PASS :: pip install jl-metric && python -c "from jl_metric import JLEvaluator; from torch_geometric.data import TemporalData; import torch; evaluator = JLEvaluator(); result = evaluator.eval({'reference': TemporalData(src=torch.tensor([0,1]), dst=torch.tensor([1,0]), t=torch.tensor([1.0,2.0]), msg=torch.randn(2,10)), 'generated': TemporalData(src=torch.tensor([0,1]), dst=torch.tensor([1,0]), t=torch.tensor([1.1,2.1]), msg=torch.randn(2,10))}); print(f'JL-Metric: {result[\"JL-Metric\"]}')"
